
*** tstart() called on Nathans-MBP
*** at Thu May 30 13:38:28 2019

   => Loading Basis Set <=

    Name: STO-3G
    Role: ORBITAL
    Keyword: BASIS
    atoms 1-2 entry H          line    19 file /Users/nathanfitzpatrick/anaconda3/share/psi4/basis/sto-3g.gbs 


         ---------------------------------------------------------
                                   SCF
               by Justin Turney, Rob Parrish, Andy Simmonett
                          and Daniel G. A. Smith
                              RHF Reference
                        1 Threads,    500 MiB Core
         ---------------------------------------------------------

  ==> Geometry <==

    Molecular point group: c1
    Full point group: D_inf_h

    Geometry (in Angstrom), charge = 0, multiplicity = 1:

       Center              X                  Y                   Z               Mass       
    ------------   -----------------  -----------------  -----------------  -----------------
         H            0.000000000000     0.000000000000    -0.375000000000     1.007825032230
         H            0.000000000000     0.000000000000     0.375000000000     1.007825032230

  Running in c1 symmetry.

  Rotational constants: A = ************  B =     59.47286  C =     59.47286 [cm^-1]
  Rotational constants: A = ************  B = 1782951.48970  C = 1782951.48970 [MHz]
  Nuclear repulsion =    0.705569614226667

  Charge       = 0
  Multiplicity = 1
  Electrons    = 2
  Nalpha       = 1
  Nbeta        = 1

  ==> Algorithm <==

  SCF Algorithm Type is PK.
  DIIS enabled.
  MOM disabled.
  Fractional occupation disabled.
  Guess Type is SAD.
  Energy threshold   = 1.00e-06
  Density threshold  = 1.00e-06
  Integral threshold = 0.00e+00

  ==> Primary Basis <==

  Basis Set: STO-3G
    Blend: STO-3G
    Number of shells: 2
    Number of basis function: 2
    Number of Cartesian functions: 2
    Spherical Harmonics?: true
    Max angular momentum: 0

  ==> Pre-Iterations <==

   -------------------------------------------------------
    Irrep   Nso     Nmo     Nalpha   Nbeta   Ndocc  Nsocc
   -------------------------------------------------------
     A          2       2       0       0       0       0
   -------------------------------------------------------
    Total       2       2       1       1       1       0
   -------------------------------------------------------

  ==> Integral Setup <==

  Using in-core PK algorithm.
   Calculation information:
      Number of atoms:                   2
      Number of AO shells:               2
      Number of primitives:              6
      Number of atomic orbitals:         2
      Number of basis functions:         2

      Integral cutoff                 1.00e-12
      Number of threads:                 1

  Performing in-core PK
  Using 12 doubles for integral storage.
  We computed 6 shell quartets total.
  Whereas there are 6 unique shell quartets.

  ==> DiskJK: Disk-Based J/K Matrices <==

    J tasked:                  Yes
    K tasked:                  Yes
    wK tasked:                  No
    Memory [MiB]:              375
    Schwarz Cutoff:          1E-12

    OpenMP threads:              1

  Minimum eigenvalue in the overlap matrix is 3.4666620404E-01.
  Using Symmetric Orthogonalization.

  SCF Guess: Superposition of Atomic Densities via on-the-fly atomic UHF.

  ==> Iterations <==

                        Total Energy        Delta E     RMS |[F,P]|

   @RHF iter SAD:    -0.71541023974826   -7.15410e-01   0.00000e+00 
   @RHF iter   1:    -1.11615144891414   -4.00741e-01   5.18477e-17 DIIS
   @RHF iter   2:    -1.11615144891414    0.00000e+00   5.18477e-17 DIIS
  Energy and wave function converged.


  ==> Post-Iterations <==

    Orbital Energies [Eh]
    ---------------------

    Doubly Occupied:                                                      

       1A     -0.574437  

    Virtual:                                                              

       2A      0.660910  

    Final Occupation by Irrep:
              A 
    DOCC [     1 ]

  @RHF Final Energy:    -1.11615144891414

   => Energetics <=

    Nuclear Repulsion Energy =              0.7055696142266668
    One-Electron Energy =                  -2.4945690100218423
    Two-Electron Energy =                   0.6728479468810369
    Total Energy =                         -1.1161514489141386

Computation Completed


Properties will be evaluated at   0.000000,   0.000000,   0.000000 [a0]

Properties computed using the SCF density matrix

  Nuclear Dipole Moment: [e a0]
     X:     0.0000      Y:     0.0000      Z:     0.0000

  Electronic Dipole Moment: [e a0]
     X:     0.0000      Y:     0.0000      Z:     0.0000

  Dipole Moment: [e a0]
     X:     0.0000      Y:     0.0000      Z:     0.0000     Total:     0.0000

  Dipole Moment: [D]
     X:     0.0000      Y:     0.0000      Z:     0.0000     Total:     0.0000


*** tstop() called on Nathans-MBP at Thu May 30 13:38:28 2019
Module time:
	user time   =       0.27 seconds =       0.00 minutes
	system time =       0.02 seconds =       0.00 minutes
	total time  =          0 seconds =       0.00 minutes
Total time:
	user time   =       0.27 seconds =       0.00 minutes
	system time =       0.02 seconds =       0.00 minutes
	total time  =          0 seconds =       0.00 minutes
(-0-0.014346025558639671j) [X0 X1 X2 Y3] +
(-0-0.014346025558639671j) [X0 X1 Y2 X3] +
0.014346025558639671j [X0 Y1 X2 X3] +
(-0-0.014346025558639671j) [X0 Y1 Y2 Y3] +
2.438071824157312e-05j [X0 Z1 Y2] +
0.014346025558639671j [Y0 X1 X2 X3] +
(-0-0.014346025558639671j) [Y0 X1 Y2 Y3] +
0.014346025558639671j [Y0 Y1 X2 Y3] +
0.014346025558639671j [Y0 Y1 Y2 X3] +
(-0-2.438071824157312e-05j) [Y0 Z1 X2] +
2.438071824157312e-05j [X1 Z2 Y3] +
(-0-2.438071824157312e-05j) [Y1 Z2 X3]
Pre-Opt Qasm Circuit
OPENQASM 2.0;
include "qelib1.inc";
qreg q[4];
h q[2];
h q[3];
x q[0];
rx(1.57079632679490) q[0];
x q[1];
cx q[0],q[1];
cx q[1],q[2];
rz(6.28313654574310) q[2];
cx q[1],q[2];
cx q[0],q[1];
h q[2];
rx(4.71238898038469) q[0];
h q[0];
cx q[0],q[1];
rx(1.57079632679490) q[2];
cx q[1],q[2];
rz(4.87614364831430e-5) q[2];
cx q[1],q[2];
cx q[0],q[1];
h q[0];
rx(4.71238898038469) q[2];
rx(1.57079632679490) q[1];
rx(1.57079632679490) q[2];
rx(1.57079632679490) q[0];
cx q[0],q[1];
cx q[1],q[2];
cx q[2],q[3];
rz(0.0286920511172775) q[3];
cx q[2],q[3];
cx q[1],q[2];
cx q[0],q[1];
h q[3];
rx(4.71238898038469) q[2];
rx(1.57079632679490) q[3];
rx(4.71238898038469) q[0];
rx(4.71238898038469) q[1];
h q[1];
rx(1.57079632679490) q[2];
rx(1.57079632679490) q[0];
cx q[0],q[1];
cx q[1],q[2];
cx q[2],q[3];
rz(6.25449325606231) q[3];
cx q[2],q[3];
cx q[1],q[2];
cx q[0],q[1];
h q[1];
h q[1];
rx(4.71238898038469) q[3];
h q[3];
rx(4.71238898038469) q[2];
rx(4.71238898038469) q[0];
h q[0];
cx q[0],q[1];
rx(1.57079632679490) q[2];
cx q[1],q[2];
cx q[2],q[3];
rz(6.25449325606231) q[3];
cx q[2],q[3];
cx q[1],q[2];
cx q[0],q[1];
h q[3];
h q[0];
h q[1];
h q[0];
rx(4.71238898038469) q[2];
rx(1.57079632679490) q[3];
rx(1.57079632679490) q[2];
rx(1.57079632679490) q[1];
cx q[0],q[1];
cx q[1],q[2];
cx q[2],q[3];
rz(6.25449325606231) q[3];
cx q[2],q[3];
cx q[1],q[2];
cx q[0],q[1];
h q[0];
rx(4.71238898038469) q[3];
h q[3];
rx(4.71238898038469) q[2];
h q[2];
rx(4.71238898038469) q[1];
h q[1];
rx(1.57079632679490) q[0];
cx q[0],q[1];
cx q[1],q[2];
cx q[2],q[3];
rz(0.0286920511172775) q[3];
cx q[2],q[3];
cx q[1],q[2];
cx q[0],q[1];
h q[3];
h q[2];
h q[1];
h q[2];
rx(1.57079632679490) q[3];
rx(4.71238898038469) q[0];
rx(1.57079632679490) q[0];
rx(1.57079632679490) q[1];
cx q[0],q[1];
cx q[1],q[2];
cx q[2],q[3];
rz(0.0286920511172775) q[3];
cx q[2],q[3];
cx q[1],q[2];
cx q[0],q[1];
h q[2];
h q[2];
rx(4.71238898038469) q[3];
h q[3];
rx(4.71238898038469) q[0];
h q[0];
rx(4.71238898038469) q[1];
rx(1.57079632679490) q[1];
cx q[0],q[1];
cx q[1],q[2];
cx q[2],q[3];
rz(0.0286920511172775) q[3];
cx q[2],q[3];
cx q[1],q[2];
cx q[0],q[1];
h q[3];
h q[2];
h q[0];
h q[2];
h q[0];
rx(1.57079632679490) q[3];
rx(4.71238898038469) q[1];
h q[1];
cx q[0],q[1];
cx q[1],q[2];
cx q[2],q[3];
rz(6.25449325606231) q[3];
cx q[2],q[3];
cx q[1],q[2];
cx q[0],q[1];
h q[2];
h q[0];
h q[1];
rx(4.71238898038469) q[3];
h q[3];
rx(1.57079632679490) q[1];
cx q[1],q[2];
cx q[2],q[3];
rz(6.28313654574310) q[3];
cx q[2],q[3];
cx q[1],q[2];
h q[3];
rx(4.71238898038469) q[1];
h q[1];
cx q[1],q[2];
rx(1.57079632679490) q[3];
cx q[2],q[3];
rz(4.87614364831430e-5) q[3];
cx q[2],q[3];
cx q[1],q[2];
h q[1];
rx(4.71238898038469) q[3];

101
                       ┌───┐┌────────────┐                                  »
q_0: |0>───────────────┤ X ├┤ Rx(1.5708) ├──■────────────────────────────■──»
                  ┌───┐└───┘└────────────┘┌─┴─┐                        ┌─┴─┐»
q_1: |0>──────────┤ X ├───────────────────┤ X ├──■──────────────────■──┤ X ├»
             ┌───┐└───┘                   └───┘┌─┴─┐┌────────────┐┌─┴─┐└───┘»
q_2: |0>─────┤ H ├─────────────────────────────┤ X ├┤ Rz(6.2831) ├┤ X ├─────»
        ┌───┐└───┘                             └───┘└────────────┘└───┘     »
q_3: |0>┤ H ├───────────────────────────────────────────────────────────────»
        └───┘                                                               »
«     ┌────────────┐┌───┐                                                    »
«q_0: ┤ Rx(4.7124) ├┤ H ├──■─────────────────────────────────────────────────»
«     └────────────┘└───┘┌─┴─┐                                               »
«q_1: ───────────────────┤ X ├─────────────────────■──────────────────────■──»
«                        └───┘┌───┐┌────────────┐┌─┴─┐┌────────────────┐┌─┴─┐»
«q_2: ────────────────────────┤ H ├┤ Rx(1.5708) ├┤ X ├┤ Rz(4.8761e-05) ├┤ X ├»
«                             └───┘└────────────┘└───┘└────────────────┘└───┘»
«q_3: ───────────────────────────────────────────────────────────────────────»
«                                                                            »
«          ┌───┐┌────────────┐                                               »
«q_0: ──■──┤ H ├┤ Rx(1.5708) ├────────────────■──────────────────────────────»
«     ┌─┴─┐└───┘└────────────┘┌────────────┐┌─┴─┐                            »
«q_1: ┤ X ├───────────────────┤ Rx(1.5708) ├┤ X ├────────────────────────────»
«     └───┘                   └────────────┘└───┘┌────────────┐┌────────────┐»
«q_2: ───────────────────────────────────────────┤ Rx(4.7124) ├┤ Rx(1.5708) ├»
«                                                └────────────┘└────────────┘»
«q_3: ───────────────────────────────────────────────────────────────────────»
«                                                                            »
«                                              ┌────────────┐┌────────────┐»
«q_0: ──────────────────────────────────────■──┤ Rx(4.7124) ├┤ Rx(1.5708) ├»
«                                         ┌─┴─┐└────────────┘└────────────┘»
«q_1: ──■──────────────────────────────■──┤ X ├────────────────────────────»
«     ┌─┴─┐                          ┌─┴─┐└───┘                            »
«q_2: ┤ X ├──■────────────────────■──┤ X ├─────────────────────────────────»
«     └───┘┌─┴─┐┌──────────────┐┌─┴─┐└───┘                                 »
«q_3: ─────┤ X ├┤ Rz(0.028692) ├┤ X ├──────────────────────────────────────»
«          └───┘└──────────────┘└───┘                                      »
«                                                                   »
«q_0: ─────────────────────■────────────────────────────────────────»
«     ┌────────────┐┌───┐┌─┴─┐                                      »
«q_1: ┤ Rx(4.7124) ├┤ H ├┤ X ├──────────────────────────────■───────»
«     └────────────┘└───┘└───┘┌────────────┐┌────────────┐┌─┴─┐     »
«q_2: ────────────────────────┤ Rx(4.7124) ├┤ Rx(1.5708) ├┤ X ├─────»
«                             └────────────┘└────────────┘└───┘┌───┐»
«q_3: ─────────────────────────────────────────────────────────┤ H ├»
«                                                              └───┘»
«                                                     ┌────────────┐┌───┐     »
«q_0: ─────────────────────────────────────────────■──┤ Rx(4.7124) ├┤ H ├─────»
«                                                ┌─┴─┐└────────────┘└───┘┌───┐»
«q_1: ────────────────────────────────────────■──┤ X ├───────────────────┤ H ├»
«                                           ┌─┴─┐└───┘                   └───┘»
«q_2: ────────────────■──────────────────■──┤ X ├─────────────────────────────»
«     ┌────────────┐┌─┴─┐┌────────────┐┌─┴─┐└───┘                             »
«q_3: ┤ Rx(1.5708) ├┤ X ├┤ Rz(6.2545) ├┤ X ├──────────────────────────────────»
«     └────────────┘└───┘└────────────┘└───┘                                  »
«                                                                        »
«q_0: ───────■───────────────────────────────────────────────────────────»
«     ┌───┐┌─┴─┐                                                         »
«q_1: ┤ H ├┤ X ├──────────────────────────────■──────────────────────────»
«     └───┘└───┘┌────────────┐┌────────────┐┌─┴─┐                        »
«q_2: ──────────┤ Rx(4.7124) ├┤ Rx(1.5708) ├┤ X ├─────────────────────■──»
«               └────────────┘└────────────┘└───┘┌────────────┐┌───┐┌─┴─┐»
«q_3: ───────────────────────────────────────────┤ Rx(4.7124) ├┤ H ├┤ X ├»
«                                                └────────────┘└───┘└───┘»
«                                  ┌───┐┌───┐                        »
«q_0: ──────────────────────────■──┤ H ├┤ H ├─────────────────────■──»
«                             ┌─┴─┐└───┘└───┘┌───┐┌────────────┐┌─┴─┐»
«q_1: ─────────────────────■──┤ X ├──────────┤ H ├┤ Rx(1.5708) ├┤ X ├»
«                        ┌─┴─┐└───┘          └───┘└────────────┘└───┘»
«q_2: ────────────────■──┤ X ├───────────────────────────────────────»
«     ┌────────────┐┌─┴─┐└───┘                                       »
«q_3: ┤ Rz(6.2545) ├┤ X ├────────────────────────────────────────────»
«     └────────────┘└───┘                                            »
«                                                                            »
«q_0: ───────────────────────────────────────────────────────────────────────»
«                                                                            »
«q_1: ──────────────────────────────■────────────────────────────────────────»
«     ┌────────────┐┌────────────┐┌─┴─┐                                      »
«q_2: ┤ Rx(4.7124) ├┤ Rx(1.5708) ├┤ X ├─────────────────────■────────────────»
«     └────────────┘└────────────┘└───┘┌───┐┌────────────┐┌─┴─┐┌────────────┐»
«q_3: ─────────────────────────────────┤ H ├┤ Rx(1.5708) ├┤ X ├┤ Rz(6.2545) ├»
«                                      └───┘└────────────┘└───┘└────────────┘»
«                    ┌───┐┌────────────┐                                      »
«q_0: ────────────■──┤ H ├┤ Rx(1.5708) ├─────────────────────■────────────────»
«               ┌─┴─┐└───┘└────────────┘┌────────────┐┌───┐┌─┴─┐              »
«q_1: ───────■──┤ X ├───────────────────┤ Rx(4.7124) ├┤ H ├┤ X ├──────────────»
«          ┌─┴─┐└───┘                   └────────────┘└───┘└───┘┌────────────┐»
«q_2: ──■──┤ X ├────────────────────────────────────────────────┤ Rx(4.7124) ├»
«     ┌─┴─┐└───┘                                                └────────────┘»
«q_3: ┤ X ├───────────────────────────────────────────────────────────────────»
«     └───┘                                                                   »
«                                                                      »
«q_0: ──────────────────────────────────────────────────────────────■──»
«                                                                 ┌─┴─┐»
«q_1: ───────■─────────────────────────────────────────────────■──┤ X ├»
«     ┌───┐┌─┴─┐                                             ┌─┴─┐└───┘»
«q_2: ┤ H ├┤ X ├─────────────────────■────────────────────■──┤ X ├─────»
«     └───┘└───┘┌────────────┐┌───┐┌─┴─┐┌──────────────┐┌─┴─┐└───┘     »
«q_3: ──────────┤ Rx(4.7124) ├┤ H ├┤ X ├┤ Rz(0.028692) ├┤ X ├──────────»
«               └────────────┘└───┘└───┘└──────────────┘└───┘          »
«     ┌────────────┐┌────────────┐                                            »
«q_0: ┤ Rx(4.7124) ├┤ Rx(1.5708) ├─────────────────────■──────────────────────»
«     └────────────┘└────────────┘┌───┐┌────────────┐┌─┴─┐                    »
«q_1: ────────────────────────────┤ H ├┤ Rx(1.5708) ├┤ X ├────────────■───────»
«                                 └───┘└────────────┘└───┘┌───┐┌───┐┌─┴─┐     »
«q_2: ────────────────────────────────────────────────────┤ H ├┤ H ├┤ X ├─────»
«                                                         └───┘└───┘└───┘┌───┐»
«q_3: ───────────────────────────────────────────────────────────────────┤ H ├»
«                                                                        └───┘»
«                                                       ┌────────────┐┌───┐»
«q_0: ───────────────────────────────────────────────■──┤ Rx(4.7124) ├┤ H ├»
«                                                  ┌─┴─┐└────────────┘└───┘»
«q_1: ──────────────────────────────────────────■──┤ X ├───────────────────»
«                                             ┌─┴─┐└───┘                   »
«q_2: ────────────────■────────────────────■──┤ X ├────────────────────────»
«     ┌────────────┐┌─┴─┐┌──────────────┐┌─┴─┐└───┘                        »
«q_3: ┤ Rx(1.5708) ├┤ X ├┤ Rz(0.028692) ├┤ X ├─────────────────────────────»
«     └────────────┘└───┘└──────────────┘└───┘                             »
«                                                                             »
«q_0: ──────────────────────────────■─────────────────────────────────────────»
«     ┌────────────┐┌────────────┐┌─┴─┐                                       »
«q_1: ┤ Rx(4.7124) ├┤ Rx(1.5708) ├┤ X ├────────────■──────────────────────────»
«     └────────────┘└────────────┘└───┘┌───┐┌───┐┌─┴─┐                        »
«q_2: ─────────────────────────────────┤ H ├┤ H ├┤ X ├─────────────────────■──»
«                                      └───┘└───┘└───┘┌────────────┐┌───┐┌─┴─┐»
«q_3: ────────────────────────────────────────────────┤ Rx(4.7124) ├┤ H ├┤ X ├»
«                                                     └────────────┘└───┘└───┘»
«                                    ┌───┐┌───┐                             »
«q_0: ────────────────────────────■──┤ H ├┤ H ├─────────────────────■───────»
«                               ┌─┴─┐└───┘└───┘┌────────────┐┌───┐┌─┴─┐     »
«q_1: ───────────────────────■──┤ X ├──────────┤ Rx(4.7124) ├┤ H ├┤ X ├─────»
«                          ┌─┴─┐└───┘          └────────────┘└───┘└───┘┌───┐»
«q_2: ──────────────────■──┤ X ├───────────────────────────────────────┤ H ├»
«     ┌──────────────┐┌─┴─┐└───┘                                       └───┘»
«q_3: ┤ Rz(0.028692) ├┤ X ├─────────────────────────────────────────────────»
«     └──────────────┘└───┘                                                 »
«                                                                    ┌───┐     »
«q_0: ────────────────────────────────────────────────────────────■──┤ H ├─────»
«                                                               ┌─┴─┐└───┘┌───┐»
«q_1: ───────■───────────────────────────────────────────────■──┤ X ├─────┤ H ├»
«     ┌───┐┌─┴─┐                                           ┌─┴─┐└───┘     └───┘»
«q_2: ┤ H ├┤ X ├─────────────────────■──────────────────■──┤ X ├───────────────»
«     └───┘└───┘┌───┐┌────────────┐┌─┴─┐┌────────────┐┌─┴─┐└───┘               »
«q_3: ──────────┤ H ├┤ Rx(1.5708) ├┤ X ├┤ Rz(6.2545) ├┤ X ├────────────────────»
«               └───┘└────────────┘└───┘└────────────┘└───┘                    »
«                                                                             »
«q_0: ────────────────────────────────────────────────────────────────────────»
«     ┌────────────┐                                                          »
«q_1: ┤ Rx(1.5708) ├───────■───────────────────────────────────────────────■──»
«     └────────────┘┌───┐┌─┴─┐                                           ┌─┴─┐»
«q_2: ──────────────┤ H ├┤ X ├─────────────────────■──────────────────■──┤ X ├»
«                   └───┘└───┘┌────────────┐┌───┐┌─┴─┐┌────────────┐┌─┴─┐└───┘»
«q_3: ────────────────────────┤ Rx(4.7124) ├┤ H ├┤ X ├┤ Rz(6.2831) ├┤ X ├─────»
«                             └────────────┘└───┘└───┘└────────────┘└───┘     »
«                                                                            »
«q_0: ───────────────────────────────────────────────────────────────────────»
«     ┌────────────┐┌───┐                                                    »
«q_1: ┤ Rx(4.7124) ├┤ H ├──■─────────────────────────────────────────────────»
«     └────────────┘└───┘┌─┴─┐                                               »
«q_2: ───────────────────┤ X ├─────────────────────■──────────────────────■──»
«                        └───┘┌───┐┌────────────┐┌─┴─┐┌────────────────┐┌─┴─┐»
«q_3: ────────────────────────┤ H ├┤ Rx(1.5708) ├┤ X ├┤ Rz(4.8761e-05) ├┤ X ├»
«                             └───┘└────────────┘└───┘└────────────────┘└───┘»
«                             
«q_0: ────────────────────────
«          ┌───┐              
«q_1: ──■──┤ H ├──────────────
«     ┌─┴─┐└───┘              
«q_2: ┤ X ├───────────────────
«     └───┘     ┌────────────┐
«q_3: ──────────┤ Rx(4.7124) ├
«               └────────────┘
Post-Opt Qasm Circuit
OPENQASM 2.0;
include "qelib1.inc";
qreg q[4];
u3(4.71238898038469,0,1.57079632679490) q[0];
u3(3.14159265358979,0,3.14159265358979) q[1];
cx q[1],q[0];
u1(1.57079632679490) q[0];
u3(4.71238898038469,4.71238898038469,0) q[2];
cx q[2],q[0];
u1(3.14154389215331) q[0];
u3(4.71238898038469,4.71238898038469,0) q[3];
u3(4.87614364832467e-5,0,4.71238898038469) q[2];
cx q[2],q[0];
u1(1.57079632679490) q[0];
cx q[1],q[0];
u1(1.57079632679490) q[0];
u3(1.57079632679490,4.71238898038469,1.57079632679490) q[2];
cx q[2],q[0];
u1(1.57079632679490) q[0];
u3(1.57079632679490,0,1.57079632679490) q[1];
cx q[0],q[1];
u1(1.57079632679490) q[1];
cx q[3],q[1];
u3(3.14159265358979,0,0.0286920511172770) q[1];
u3(0.0286920511172778,1.57079632679490,1.57079632679490) q[3];
cx q[3],q[1];
u3(4.71238898038469,1.57079632679490,0) q[1];
cx q[0],q[1];
u3(1.57079632679490,0,1.57079632679490) q[0];
cx q[0],q[2];
cx q[2],q[1];
u1(1.57079632679490) q[1];
cx q[3],q[1];
u1(3.11290060247252) q[1];
u3(1.57079632679490,4.71238898038469,1.57079632679490) q[0];
u3(0.0286920511172778,1.57079632679490,1.57079632679490) q[3];
cx q[3],q[1];
u1(1.57079632679490) q[1];
cx q[2],q[1];
cx q[0],q[1];
u1(1.57079632679490) q[1];
cx q[3],q[1];
u1(6.25449325606231) q[1];
u3(1.57079632679490,4.71238898038469,1.57079632679490) q[2];
u3(0.0286920511172778,4.71238898038469,1.57079632679490) q[3];
cx q[3],q[1];
u3(4.71238898038469,1.57079632679490,0) q[1];
cx q[0],q[1];
u3(1.57079632679490,0,1.57079632679490) q[0];
cx q[2],q[0];
u1(1.57079632679490) q[0];
cx q[0],q[1];
u1(1.57079632679490) q[1];
cx q[3],q[1];
u1(3.11290060247252) q[1];
u3(0.0286920511172771,4.71238898038469,4.71238898038469) q[3];
cx q[3],q[1];
u1(1.57079632679490) q[1];
cx q[0],q[1];
cx q[2],q[0];
u3(1.57079632679490,0,3.14159265358979) q[0];
u3(1.57079632679490,0,1.57079632679490) q[2];
cx q[2],q[1];
u1(1.57079632679490) q[1];
cx q[3],q[1];
u3(3.14159265358979,0,3.14164141502628) q[1];
u3(4.87614364832467e-5,4.71238898038469,1.57079632679490) q[3];
cx q[3],q[1];
u3(4.71238898038469,1.57079632679490,0) q[1];
cx q[2],q[1];
u3(1.57079632679490,0,1.57079632679490) q[3];
u3(1.57079632679490,0,3.14159265358979) q[1];

54
                                                                             »
q_0: |0>─────────────────────────────────────────────────────────────────────»
                                                      ┌─────────────────────┐»
q_1: |0>──────────────────────────────────────────────┤ U3(3.1416,0,3.1416) ├»
                               ┌─────────────────────┐└─────────────────────┘»
q_2: |0>───────────────────────┤ U3(4.7124,4.7124,0) ├───────────────────────»
        ┌─────────────────────┐└─────────────────────┘                       »
q_3: |0>┤ U3(4.7124,4.7124,0) ├──────────────────────────────────────────────»
        └─────────────────────┘                                              »
«     ┌─────────────────────┐┌───┐┌────────────┐┌───┐┌────────────┐»
«q_0: ┤ U3(4.7124,0,1.5708) ├┤ X ├┤ U1(1.5708) ├┤ X ├┤ U1(3.1415) ├»
«     └─────────────────────┘└─┬─┘└────────────┘└─┬─┘└────────────┘»
«q_1: ─────────────────────────■──────────────────┼────────────────»
«                                                 │                »
«q_2: ────────────────────────────────────────────■────────────────»
«                                                                  »
«q_3: ─────────────────────────────────────────────────────────────»
«                                                                  »
«                                ┌───┐┌────────────┐┌───┐┌────────────┐»
«q_0: ───────────────────────────┤ X ├┤ U1(1.5708) ├┤ X ├┤ U1(1.5708) ├»
«                                └─┬─┘└────────────┘└─┬─┘└────────────┘»
«q_1: ─────────────────────────────┼──────────────────■────────────────»
«     ┌─────────────────────────┐  │                                   »
«q_2: ┤ U3(4.8761e-05,0,4.7124) ├──■───────────────────────────────────»
«     └─────────────────────────┘                                      »
«q_3: ─────────────────────────────────────────────────────────────────»
«                                                                      »
«                                                        ┌───┐┌────────────┐»
«q_0: ───────────────────────────────────────────────────┤ X ├┤ U1(1.5708) ├»
«     ┌─────────────────────┐                            └─┬─┘└────────────┘»
«q_1: ┤ U3(1.5708,0,1.5708) ├──────────────────────────────┼────────────────»
«     └─────────────────────┘┌──────────────────────────┐  │                »
«q_2: ───────────────────────┤ U3(1.5708,4.7124,1.5708) ├──■────────────────»
«                            └──────────────────────────┘                   »
«q_3: ──────────────────────────────────────────────────────────────────────»
«                                                                           »
«                                                      »
«q_0: ──■──────────────────────────────────────────────»
«     ┌─┴─┐┌────────────┐┌───┐┌───────────────────────┐»
«q_1: ┤ X ├┤ U1(1.5708) ├┤ X ├┤ U3(3.1416,0,0.028692) ├»
«     └───┘└────────────┘└─┬─┘└───────────────────────┘»
«q_2: ─────────────────────┼───────────────────────────»
«                          │                           »
«q_3: ─────────────────────■───────────────────────────»
«                                                      »
«                                                                    »
«q_0: ────────────────────────────────────────────────────────────■──»
«                                   ┌───┐┌─────────────────────┐┌─┴─┐»
«q_1: ──────────────────────────────┤ X ├┤ U3(4.7124,1.5708,0) ├┤ X ├»
«                                   └─┬─┘└─────────────────────┘└───┘»
«q_2: ────────────────────────────────┼──────────────────────────────»
«     ┌────────────────────────────┐  │                              »
«q_3: ┤ U3(0.028692,1.5708,1.5708) ├──■──────────────────────────────»
«     └────────────────────────────┘                                 »
«     ┌─────────────────────┐     ┌──────────────────────────┐     »
«q_0: ┤ U3(1.5708,0,1.5708) ├──■──┤ U3(1.5708,4.7124,1.5708) ├─────»
«     └─────────────────────┘  │  └──────────────────────────┘┌───┐»
«q_1: ─────────────────────────┼──────────────────────────────┤ X ├»
«                            ┌─┴─┐                            └─┬─┘»
«q_2: ───────────────────────┤ X ├──────────────────────────────■──»
«                            └───┘                                 »
«q_3: ─────────────────────────────────────────────────────────────»
«                                                                  »
«                                                                         »
«q_0: ────────────────────────────────────────────────────────────────────»
«     ┌────────────┐┌───┐┌────────────┐                              ┌───┐»
«q_1: ┤ U1(1.5708) ├┤ X ├┤ U1(3.1129) ├──────────────────────────────┤ X ├»
«     └────────────┘└─┬─┘└────────────┘                              └─┬─┘»
«q_2: ────────────────┼────────────────────────────────────────────────┼──»
«                     │                ┌────────────────────────────┐  │  »
«q_3: ────────────────■────────────────┤ U3(0.028692,1.5708,1.5708) ├──■──»
«                                      └────────────────────────────┘     »
«                                                              »
«q_0: ─────────────────────■───────────────────────────────────»
«     ┌────────────┐┌───┐┌─┴─┐┌────────────┐┌───┐┌────────────┐»
«q_1: ┤ U1(1.5708) ├┤ X ├┤ X ├┤ U1(1.5708) ├┤ X ├┤ U1(6.2545) ├»
«     └────────────┘└─┬─┘└───┘└────────────┘└─┬─┘└────────────┘»
«q_2: ────────────────■───────────────────────┼────────────────»
«                                             │                »
«q_3: ────────────────────────────────────────■────────────────»
«                                                              »
«                                                                    »
«q_0: ────────────────────────────────────────────────────────────■──»
«                                   ┌───┐┌─────────────────────┐┌─┴─┐»
«q_1: ──────────────────────────────┤ X ├┤ U3(4.7124,1.5708,0) ├┤ X ├»
«                                   └─┬─┘└─────────────────────┘└───┘»
«q_2: ────────────────────────────────┼──────────────────────────────»
«     ┌────────────────────────────┐  │                              »
«q_3: ┤ U3(0.028692,4.7124,1.5708) ├──■──────────────────────────────»
«     └────────────────────────────┘                                 »
«     ┌─────────────────────┐                            ┌───┐┌────────────┐»
«q_0: ┤ U3(1.5708,0,1.5708) ├────────────────────────────┤ X ├┤ U1(1.5708) ├»
«     └─────────────────────┘                            └─┬─┘└────────────┘»
«q_1: ─────────────────────────────────────────────────────┼────────────────»
«                            ┌──────────────────────────┐  │                »
«q_2: ───────────────────────┤ U3(1.5708,4.7124,1.5708) ├──■────────────────»
«                            └──────────────────────────┘                   »
«q_3: ──────────────────────────────────────────────────────────────────────»
«                                                                           »
«                                                                              »
«q_0: ──■──────────────────────────────────────────────────────────────────────»
«     ┌─┴─┐┌────────────┐┌───┐┌────────────┐                              ┌───┐»
«q_1: ┤ X ├┤ U1(1.5708) ├┤ X ├┤ U1(3.1129) ├──────────────────────────────┤ X ├»
«     └───┘└────────────┘└─┬─┘└────────────┘                              └─┬─┘»
«q_2: ─────────────────────┼────────────────────────────────────────────────┼──»
«                          │                ┌────────────────────────────┐  │  »
«q_3: ─────────────────────■────────────────┤ U3(0.028692,4.7124,4.7124) ├──■──»
«                                           └────────────────────────────┘     »
«                        ┌───┐┌─────────────────────┐                       »
«q_0: ────────────────■──┤ X ├┤ U3(1.5708,0,3.1416) ├───────────────────────»
«     ┌────────────┐┌─┴─┐└─┬─┘└─────────────────────┘                       »
«q_1: ┤ U1(1.5708) ├┤ X ├──┼────────────────────────────────────────────────»
«     └────────────┘└───┘  │                         ┌─────────────────────┐»
«q_2: ─────────────────────■─────────────────────────┤ U3(1.5708,0,1.5708) ├»
«                                                    └─────────────────────┘»
«q_3: ──────────────────────────────────────────────────────────────────────»
«                                                                           »
«                                                    »
«q_0: ───────────────────────────────────────────────»
«     ┌───┐┌────────────┐┌───┐┌─────────────────────┐»
«q_1: ┤ X ├┤ U1(1.5708) ├┤ X ├┤ U3(3.1416,0,3.1416) ├»
«     └─┬─┘└────────────┘└─┬─┘└─────────────────────┘»
«q_2: ──■──────────────────┼─────────────────────────»
«                          │                         »
«q_3: ─────────────────────■─────────────────────────»
«                                                    »
«                                                                      »
«q_0: ─────────────────────────────────────────────────────────────────»
«                                     ┌───┐┌─────────────────────┐┌───┐»
«q_1: ────────────────────────────────┤ X ├┤ U3(4.7124,1.5708,0) ├┤ X ├»
«                                     └─┬─┘└─────────────────────┘└─┬─┘»
«q_2: ──────────────────────────────────┼───────────────────────────■──»
«     ┌──────────────────────────────┐  │                              »
«q_3: ┤ U3(4.8761e-05,4.7124,1.5708) ├──■──────────────────────────────»
«     └──────────────────────────────┘                                 »
«                                                   
«q_0: ──────────────────────────────────────────────
«     ┌─────────────────────┐                       
«q_1: ┤ U3(1.5708,0,3.1416) ├───────────────────────
«     └─────────────────────┘                       
«q_2: ──────────────────────────────────────────────
«                            ┌─────────────────────┐
«q_3: ───────────────────────┤ U3(1.5708,0,1.5708) ├
«                            └─────────────────────┘
() -0.10973055650861605 1 -0.10973055650861605
((0, 'Z'),) 0.1698845202255903 -0.974 -0.16546752269972495
((1, 'Z'),) 0.1698845202255903 -0.9737499999999999 -0.16542505156966855
((2, 'Z'),) -0.21886306765204747 0.9715 -0.2126254702239641
((3, 'Z'),) -0.21886306765204747 0.97325 -0.2130084805923552
((0, 'Z'), (1, 'Z')) 0.1682119867202592 1.0 0.1682119867202592
((0, 'Z'), (2, 'Z')) 0.12005143070514901 -1.0 -0.12005143070514901
((0, 'Z'), (3, 'Z')) 0.1654943148544621 -1.0 -0.1654943148544621
((1, 'Z'), (2, 'Z')) 0.1654943148544621 -1.0 -0.1654943148544621
((1, 'Z'), (3, 'Z')) 0.12005143070514901 -1.0 -0.12005143070514901
((2, 'Z'), (3, 'Z')) 0.17395378774871575 1.0 0.17395378774871575
((0, 'X'), (1, 'X'), (2, 'Y'), (3, 'Y')) -0.045442884149313106 0.23450000000000004 -0.010656356333013926
((0, 'X'), (1, 'Y'), (2, 'Y'), (3, 'X')) 0.045442884149313106 -0.21324999999999994 -0.009690695044841017
((0, 'Y'), (1, 'X'), (2, 'X'), (3, 'Y')) 0.045442884149313106 -0.22399999999999998 -0.010179206049446134
((0, 'Y'), (1, 'Y'), (2, 'X'), (3, 'X')) -0.045442884149313106 0.22499999999999998 -0.010224648933595449
-1.1359337046054725
